# JRE version: Java(TM) SE Runtime Environment (7.0_60-b19) (build 1.7.0_60-b19)
# Java VM: Java HotSpot(TM) Client VM (24.60-b09 mixed mode windows-x86 )
Heap
 def new generation   total 7808K, used 6356K [0x04600000, 0x04e70000, 0x09b50000)
  eden space 6976K,  90% used [0x04600000, 0x04c29b10, 0x04cd0000)
  from space 832K,   5% used [0x04cd0000, 0x04cdb4f0, 0x04da0000)
  to   space 832K,   0% used [0x04da0000, 0x04da0000, 0x04e70000)
 tenured generation   total 17248K, used 16349K [0x09b50000, 0x0ac28000, 0x14600000)
   the space 17248K,  94% used [0x09b50000, 0x0ab47610, 0x0ab47800, 0x0ac28000)
 compacting perm gen  total 12800K, used 12622K [0x14600000, 0x15280000, 0x18600000)
   the space 12800K,  98% used [0x14600000, 0x15253af8, 0x15253c00, 0x15280000)
GC Heap History (10 events):
Event: 7.106 GC heap before
{Heap before GC invocations=4 (full 0):
 def new generation   total 4928K, used 4928K [0x04600000, 0x04b50000, 0x09b50000)
  eden space 4416K, 100% used [0x04600000, 0x04a50000, 0x04a50000)
  from space 512K, 100% used [0x04a50000, 0x04ad0000, 0x04ad0000)
  to   space 512K,   0% used [0x04ad0000, 0x04ad0000, 0x04b50000)
 tenured generation   total 10944K, used 9251K [0x09b50000, 0x0a600000, 0x14600000)
   the space 10944K,  84% used [0x09b50000, 0x0a458dd8, 0x0a458e00, 0x0a600000)
 compacting perm gen  total 12288K, used 12044K [0x14600000, 0x15200000, 0x18600000)
   the space 12288K,  98% used [0x14600000, 0x151c3228, 0x151c3400, 0x15200000)
No shared spaces configured.
Event: 7.115 GC heap after
Heap after GC invocations=5 (full 0):
 def new generation   total 4928K, used 512K [0x04600000, 0x04b50000, 0x09b50000)
  eden space 4416K,   0% used [0x04600000, 0x04600000, 0x04a50000)
  from space 512K, 100% used [0x04ad0000, 0x04b50000, 0x04b50000)
  to   space 512K,   0% used [0x04a50000, 0x04a50000, 0x04ad0000)
 tenured generation   total 10944K, used 10049K [0x09b50000, 0x0a600000, 0x14600000)
   the space 10944K,  91% used [0x09b50000, 0x0a520438, 0x0a520600, 0x0a600000)
 compacting perm gen  total 12288K, used 12044K [0x14600000, 0x15200000, 0x18600000)
   the space 12288K,  98% used [0x14600000, 0x151c3228, 0x151c3400, 0x15200000)
No shared spaces configured.
}
Event: 30.340 GC heap before
{Heap before GC invocations=5 (full 0):
 def new generation   total 4928K, used 4928K [0x04600000, 0x04b50000, 0x09b50000)
  eden space 4416K, 100% used [0x04600000, 0x04a50000, 0x04a50000)
  from space 512K, 100% used [0x04ad0000, 0x04b50000, 0x04b50000)
  to   space 512K,   0% used [0x04a50000, 0x04a50000, 0x04ad0000)
 tenured generation   total 10944K, used 10049K [0x09b50000, 0x0a600000, 0x14600000)
   the space 10944K,  91% used [0x09b50000, 0x0a520438, 0x0a520600, 0x0a600000)
 compacting perm gen  total 12544K, used 12499K [0x14600000, 0x15240000, 0x18600000)
   the space 12544K,  99% used [0x14600000, 0x15234c08, 0x15234e00, 0x15240000)
No shared spaces configured.
Event: 30.349 GC heap after
Heap after GC invocations=6 (full 0):
 def new generation   total 4928K, used 512K [0x04600000, 0x04b50000, 0x09b50000)
  eden space 4416K,   0% used [0x04600000, 0x04600000, 0x04a50000)
  from space 512K, 100% used [0x04a50000, 0x04ad0000, 0x04ad0000)
  to   space 512K,   0% used [0x04ad0000, 0x04ad0000, 0x04b50000)
 tenured generation   total 10944K, used 10528K [0x09b50000, 0x0a600000, 0x14600000)
   the space 10944K,  96% used [0x09b50000, 0x0a5981e8, 0x0a598200, 0x0a600000)
 compacting perm gen  total 12544K, used 12499K [0x14600000, 0x15240000, 0x18600000)
   the space 12544K,  99% used [0x14600000, 0x15234c08, 0x15234e00, 0x15240000)
No shared spaces configured.
}
Event: 44.615 GC heap before
{Heap before GC invocations=6 (full 0):
 def new generation   total 4928K, used 4928K [0x04600000, 0x04b50000, 0x09b50000)
  eden space 4416K, 100% used [0x04600000, 0x04a50000, 0x04a50000)
  from space 512K, 100% used [0x04a50000, 0x04ad0000, 0x04ad0000)
  to   space 512K,   0% used [0x04ad0000, 0x04ad0000, 0x04b50000)
 tenured generation   total 10944K, used 10528K [0x09b50000, 0x0a600000, 0x14600000)
   the space 10944K,  96% used [0x09b50000, 0x0a5981e8, 0x0a598200, 0x0a600000)
 compacting perm gen  total 12800K, used 12554K [0x14600000, 0x15280000, 0x18600000)
   the space 12800K,  98% used [0x14600000, 0x15242898, 0x15242a00, 0x15280000)
No shared spaces configured.
Event: 44.673 GC heap after
Heap after GC invocations=7 (full 1):
 def new generation   total 7808K, used 0K [0x04600000, 0x04e70000, 0x09b50000)
  eden space 6976K,   0% used [0x04600000, 0x04600000, 0x04cd0000)
  from space 832K,   0% used [0x04cd0000, 0x04cd0000, 0x04da0000)
  to   space 832K,   0% used [0x04da0000, 0x04da0000, 0x04e70000)
 tenured generation   total 17248K, used 10348K [0x09b50000, 0x0ac28000, 0x14600000)
   the space 17248K,  59% used [0x09b50000, 0x0a56b2c0, 0x0a56b400, 0x0ac28000)
 compacting perm gen  total 12800K, used 12554K [0x14600000, 0x15280000, 0x18600000)
   the space 12800K,  98% used [0x14600000, 0x15242898, 0x15242a00, 0x15280000)
No shared spaces configured.
}
Event: 1059.762 GC heap before
{Heap before GC invocations=7 (full 1):
 def new generation   total 7808K, used 1973K [0x04600000, 0x04e70000, 0x09b50000)
  eden space 6976K,  28% used [0x04600000, 0x047ed5f8, 0x04cd0000)
  from space 832K,   0% used [0x04cd0000, 0x04cd0000, 0x04da0000)
  to   space 832K,   0% used [0x04da0000, 0x04da0000, 0x04e70000)
 tenured generation   total 17248K, used 10348K [0x09b50000, 0x0ac28000, 0x14600000)
   the space 17248K,  59% used [0x09b50000, 0x0a56b2c0, 0x0a56b400, 0x0ac28000)
 compacting perm gen  total 12800K, used 12617K [0x14600000, 0x15280000, 0x18600000)
   the space 12800K,  98% used [0x14600000, 0x15252530, 0x15252600, 0x15280000)
No shared spaces configured.
Event: 1059.766 GC heap after
Heap after GC invocations=8 (full 1):
 def new generation   total 7808K, used 534K [0x04600000, 0x04e70000, 0x09b50000)
  eden space 6976K,   0% used [0x04600000, 0x04600000, 0x04cd0000)
  from space 832K,  64% used [0x04da0000, 0x04e25aa8, 0x04e70000)
  to   space 832K,   0% used [0x04cd0000, 0x04cd0000, 0x04da0000)
 tenured generation   total 17248K, used 10348K [0x09b50000, 0x0ac28000, 0x14600000)
   the space 17248K,  59% used [0x09b50000, 0x0a56b2c0, 0x0a56b400, 0x0ac28000)
 compacting perm gen  total 12800K, used 12617K [0x14600000, 0x15280000, 0x18600000)
   the space 12800K,  98% used [0x14600000, 0x15252530, 0x15252600, 0x15280000)
No shared spaces configured.
}
Event: 24175.745 GC heap before
{Heap before GC invocations=8 (full 1):
 def new generation   total 7808K, used 7510K [0x04600000, 0x04e70000, 0x09b50000)
  eden space 6976K, 100% used [0x04600000, 0x04cd0000, 0x04cd0000)
  from space 832K,  64% used [0x04da0000, 0x04e25aa8, 0x04e70000)
  to   space 832K,   0% used [0x04cd0000, 0x04cd0000, 0x04da0000)
 tenured generation   total 17248K, used 10348K [0x09b50000, 0x0ac28000, 0x14600000)
   the space 17248K,  59% used [0x09b50000, 0x0a56b2c0, 0x0a56b400, 0x0ac28000)
 compacting perm gen  total 12800K, used 12622K [0x14600000, 0x15280000, 0x18600000)
   the space 12800K,  98% used [0x14600000, 0x15253ad8, 0x15253c00, 0x15280000)
No shared spaces configured.
Event: 24175.754 GC heap after
Heap after GC invocations=9 (full 1):
 def new generation   total 7808K, used 45K [0x04600000, 0x04e70000, 0x09b50000)
  eden space 6976K,   0% used [0x04600000, 0x04600000, 0x04cd0000)
  from space 832K,   5% used [0x04cd0000, 0x04cdb4f0, 0x04da0000)
  to   space 832K,   0% used [0x04da0000, 0x04da0000, 0x04e70000)
 tenured generation   total 17248K, used 16349K [0x09b50000, 0x0ac28000, 0x14600000)
   the space 17248K,  94% used [0x09b50000, 0x0ab47610, 0x0ab47800, 0x0ac28000)
 compacting perm gen  total 12800K, used 12622K [0x14600000, 0x15280000, 0x18600000)
   the space 12800K,  98% used [0x14600000, 0x15253ad8, 0x15253c00, 0x15280000)
No shared spaces configured.
}

